<?xml version="1.0" encoding="UTF-8"?>
<!-- Generated by org.testng.reporters.JUnitReportReporter -->
<testsuite skipped="0" hostname="DESKTOP-VSVVHGL" name="com.shephertz.sample.testcases.GmailTest" tests="1" failures="0" timestamp="17 Feb 2020 10:24:06 GMT" time="9.058" errors="0">
  <testcase name="testLoginGmail" time="9.058" classname="com.shephertz.sample.testcases.GmailTest"/>
</testsuite> <!-- com.shephertz.sample.testcases.GmailTest -->
